aSPICE/build/outputs/logs/manifest-merger-debug-report.txt
-- Merging decision tree log ---
manifest
ADDED from src/main/AndroidManifest.xml:2:1-100:12
	package
		ADDED from src/main/AndroidManifest.xml:3:5-35
	android:versionName
		ADDED from src/main/AndroidManifest.xml:6:5-33
		INJECTED from src/main/AndroidManifest.xml
		INJECTED from src/main/AndroidManifest.xml
	android:versionCode
		ADDED from src/main/AndroidManifest.xml:5:5-31
		INJECTED from src/main/AndroidManifest.xml
		INJECTED from src/main/AndroidManifest.xml
	xmlns:android
		ADDED from src/main/AndroidManifest.xml:2:11-69
	android:installLocation
		ADDED from src/main/AndroidManifest.xml:4:5-35
uses-sdk
ADDED from src/main/AndroidManifest.xml:8:5-10:40
MERGED from [com.android.support:multidex:1.0.1] AndroidManifest.xml:18:5-42
MERGED from [RemoteViewer:PubkeyGenerator:unspecified] AndroidManifest.xml:7:5-9:41
MERGED from [com.android.support:appcompat-v7:26.0.0-alpha1] AndroidManifest.xml:21:5-23:78
MERGED from [com.android.support:support-v4:26.0.0-alpha1] AndroidManifest.xml:21:5-23:54
MERGED from [com.android.support:support-media-compat:26.0.0-alpha1] AndroidManifest.xml:21:5-23:63
MERGED from [com.android.support:support-fragment:26.0.0-alpha1] AndroidManifest.xml:21:5-23:60
MERGED from [com.android.support:support-core-ui:26.0.0-alpha1] AndroidManifest.xml:21:5-23:58
MERGED from [com.android.support:support-core-utils:26.0.0-alpha1] AndroidManifest.xml:21:5-23:61
MERGED from [com.android.support:animated-vector-drawable:26.0.0-alpha1] AndroidManifest.xml:20:5-44
MERGED from [com.android.support:support-vector-drawable:26.0.0-alpha1] AndroidManifest.xml:20:5-44
MERGED from [com.android.support:support-compat:26.0.0-alpha1] AndroidManifest.xml:21:5-23:58
	tools:overrideLibrary
		ADDED from [com.android.support:appcompat-v7:26.0.0-alpha1] AndroidManifest.xml:23:9-75
	android:targetSdkVersion
		ADDED from src/main/AndroidManifest.xml:10:9-38
		INJECTED from src/main/AndroidManifest.xml
		INJECTED from src/main/AndroidManifest.xml
	android:minSdkVersion
		ADDED from src/main/AndroidManifest.xml:9:9-35
		INJECTED from src/main/AndroidManifest.xml
		INJECTED from src/main/AndroidManifest.xml
uses-permission#android.permission.INTERNET
ADDED from src/main/AndroidManifest.xml:12:5-66
	android:name
		ADDED from src/main/AndroidManifest.xml:12:22-64
uses-permission#android.permission.ACCESS_NETWORK_STATE
ADDED from src/main/AndroidManifest.xml:13:5-78
	android:name
		ADDED from src/main/AndroidManifest.xml:13:22-76
uses-permission#android.permission.WRITE_EXTERNAL_STORAGE
ADDED from src/main/AndroidManifest.xml:14:5-81
	android:name
		ADDED from src/main/AndroidManifest.xml:14:22-78
uses-feature#android.hardware.touchscreen
ADDED from src/main/AndroidManifest.xml:17:5-19:36
	android:required
		ADDED from src/main/AndroidManifest.xml:19:9-33
	android:name
		ADDED from src/main/AndroidManifest.xml:18:9-52
uses-feature#android.hardware.microphone
ADDED from src/main/AndroidManifest.xml:20:5-22:36
	android:required
		ADDED from src/main/AndroidManifest.xml:22:9-33
	android:name
		ADDED from src/main/AndroidManifest.xml:21:9-51
supports-screens
ADDED from src/main/AndroidManifest.xml:24:5-29:40
	android:largeScreens
		ADDED from src/main/AndroidManifest.xml:26:9-36
	android:smallScreens
		ADDED from src/main/AndroidManifest.xml:28:9-36
	android:normalScreens
		ADDED from src/main/AndroidManifest.xml:27:9-37
	android:xlargeScreens
		ADDED from src/main/AndroidManifest.xml:29:9-37
	android:anyDensity
		ADDED from src/main/AndroidManifest.xml:25:9-34
application
ADDED from src/main/AndroidManifest.xml:31:5-98:19
MERGED from [RemoteViewer:PubkeyGenerator:unspecified] AndroidManifest.xml:11:5-17:19
MERGED from [com.android.support:appcompat-v7:26.0.0-alpha1] AndroidManifest.xml:29:5-20
MERGED from [com.android.support:support-v4:26.0.0-alpha1] AndroidManifest.xml:29:5-20
MERGED from [com.android.support:support-media-compat:26.0.0-alpha1] AndroidManifest.xml:29:5-20
MERGED from [com.android.support:support-fragment:26.0.0-alpha1] AndroidManifest.xml:29:5-20
MERGED from [com.android.support:support-core-ui:26.0.0-alpha1] AndroidManifest.xml:29:5-20
MERGED from [com.android.support:support-core-utils:26.0.0-alpha1] AndroidManifest.xml:29:5-20
MERGED from [com.android.support:animated-vector-drawable:26.0.0-alpha1] AndroidManifest.xml:26:5-20
MERGED from [com.android.support:support-vector-drawable:26.0.0-alpha1] AndroidManifest.xml:26:5-20
MERGED from [com.android.support:support-compat:26.0.0-alpha1] AndroidManifest.xml:29:5-20
	android:label
		ADDED from [RemoteViewer:PubkeyGenerator:unspecified] AndroidManifest.xml:11:18-50
	android:debuggable
		ADDED from src/main/AndroidManifest.xml:34:9-34
	android:allowBackup
		ADDED from src/main/AndroidManifest.xml:33:9-36
	android:icon
		ADDED from src/main/AndroidManifest.xml:35:9-38
	android:name
		ADDED from src/main/AndroidManifest.xml:32:9-28
activity#com.iiordanov.aSPICE.aSPICE
ADDED from src/main/AndroidManifest.xml:36:9-49:20
	android:screenOrientation
		ADDED from src/main/AndroidManifest.xml:40:13-52
	android:label
		ADDED from src/main/AndroidManifest.xml:39:13-45
	android:windowSoftInputMode
		ADDED from src/main/AndroidManifest.xml:42:13-67
	android:configChanges
		ADDED from src/main/AndroidManifest.xml:38:13-63
	android:theme
		ADDED from src/main/AndroidManifest.xml:41:13-63
	android:name
		ADDED from src/main/AndroidManifest.xml:37:13-35
intent-filter#android.intent.action.MAIN+android.intent.category.LAUNCHER+android.intent.category.MULTIWINDOW_LAUNCHER
ADDED from src/main/AndroidManifest.xml:43:13-48:29
action#android.intent.action.MAIN
ADDED from src/main/AndroidManifest.xml:44:17-76
	android:name
		ADDED from src/main/AndroidManifest.xml:44:25-66
category#android.intent.category.LAUNCHER
ADDED from src/main/AndroidManifest.xml:46:17-86
	android:name
		ADDED from src/main/AndroidManifest.xml:46:27-74
category#android.intent.category.MULTIWINDOW_LAUNCHER
ADDED from src/main/AndroidManifest.xml:47:17-98
	android:name
		ADDED from src/main/AndroidManifest.xml:47:27-86
activity#com.iiordanov.aSPICE.RemoteCanvasActivity
ADDED from src/main/AndroidManifest.xml:50:9-66:20
	android:screenOrientation
		ADDED from src/main/AndroidManifest.xml:53:13-50
	android:windowSoftInputMode
		ADDED from src/main/AndroidManifest.xml:55:13-73
	android:configChanges
		ADDED from src/main/AndroidManifest.xml:52:13-72
	android:theme
		ADDED from src/main/AndroidManifest.xml:54:13-63
	android:name
		ADDED from src/main/AndroidManifest.xml:51:13-49
intent-filter#android.intent.action.VIEW
ADDED from src/main/AndroidManifest.xml:56:13-58:29
action#android.intent.action.VIEW
ADDED from src/main/AndroidManifest.xml:57:17-69
	android:name
		ADDED from src/main/AndroidManifest.xml:57:25-66
intent-filter#android.intent.action.VIEW+android.intent.category.DEFAULT
ADDED from src/main/AndroidManifest.xml:59:13-65:29
category#android.intent.category.DEFAULT
ADDED from src/main/AndroidManifest.xml:62:17-76
	android:name
		ADDED from src/main/AndroidManifest.xml:62:27-73
data
ADDED from src/main/AndroidManifest.xml:64:17-48
	android:scheme
		ADDED from src/main/AndroidManifest.xml:64:23-45
activity#com.iiordanov.aSPICE.ConnectionListActivity
ADDED from src/main/AndroidManifest.xml:67:9-77:20
	android:label
		ADDED from src/main/AndroidManifest.xml:69:13-51
	android:windowSoftInputMode
		ADDED from src/main/AndroidManifest.xml:71:13-67
	android:theme
		ADDED from src/main/AndroidManifest.xml:70:13-63
	android:name
		ADDED from src/main/AndroidManifest.xml:68:13-51
intent-filter#android.intent.action.CREATE_SHORTCUT+android.intent.category.DEFAULT
ADDED from src/main/AndroidManifest.xml:72:13-76:29
action#android.intent.action.CREATE_SHORTCUT
ADDED from src/main/AndroidManifest.xml:73:17-80
	android:name
		ADDED from src/main/AndroidManifest.xml:73:25-77
uses-library#com.sec.android.app.multiwindow
ADDED from src/main/AndroidManifest.xml:79:9-81:40
	android:required
		ADDED from src/main/AndroidManifest.xml:81:13-37
	android:name
		ADDED from src/main/AndroidManifest.xml:80:13-59
meta-data#com.sec.android.support.multiwindow
ADDED from src/main/AndroidManifest.xml:83:9-85:36
	android:value
		ADDED from src/main/AndroidManifest.xml:85:13-33
	android:name
		ADDED from src/main/AndroidManifest.xml:84:13-63
meta-data#com.sec.android.multiwindow.DEFAULT_SIZE_W
ADDED from src/main/AndroidManifest.xml:86:9-88:59
	android:resource
		ADDED from src/main/AndroidManifest.xml:88:13-56
	android:name
		ADDED from src/main/AndroidManifest.xml:87:13-70
meta-data#com.sec.android.multiwindow.DEFAULT_SIZE_H
ADDED from src/main/AndroidManifest.xml:89:9-91:59
	android:resource
		ADDED from src/main/AndroidManifest.xml:91:13-56
	android:name
		ADDED from src/main/AndroidManifest.xml:90:13-70
meta-data#com.sec.android.multiwindow.MINIMUM_SIZE_W
ADDED from src/main/AndroidManifest.xml:92:9-94:59
	android:resource
		ADDED from src/main/AndroidManifest.xml:94:13-56
	android:name
		ADDED from src/main/AndroidManifest.xml:93:13-70
meta-data#com.sec.android.multiwindow.MINIMUM_SIZE_H
ADDED from src/main/AndroidManifest.xml:95:9-97:59
	android:resource
		ADDED from src/main/AndroidManifest.xml:97:13-56
	android:name
		ADDED from src/main/AndroidManifest.xml:96:13-70
activity#com.iiordanov.pubkeygenerator.GeneratePubkeyActivity
ADDED from [RemoteViewer:PubkeyGenerator:unspecified] AndroidManifest.xml:12:9-16:70
	android:screenOrientation
		ADDED from [RemoteViewer:PubkeyGenerator:unspecified] AndroidManifest.xml:15:13-50
	android:label
		ADDED from [RemoteViewer:PubkeyGenerator:unspecified] AndroidManifest.xml:14:13-68
	android:windowSoftInputMode
		ADDED from [RemoteViewer:PubkeyGenerator:unspecified] AndroidManifest.xml:16:13-67
	android:name
		ADDED from [RemoteViewer:PubkeyGenerator:unspecified] AndroidManifest.xml:13:13-80
meta-data#android.support.VERSION
ADDED from [com.android.support:appcompat-v7:26.0.0-alpha1] AndroidManifest.xml:25:5-27:41
MERGED from [com.android.support:support-v4:26.0.0-alpha1] AndroidManifest.xml:25:5-27:41
MERGED from [com.android.support:support-media-compat:26.0.0-alpha1] AndroidManifest.xml:25:5-27:41
MERGED from [com.android.support:support-fragment:26.0.0-alpha1] AndroidManifest.xml:25:5-27:41
MERGED from [com.android.support:support-core-ui:26.0.0-alpha1] AndroidManifest.xml:25:5-27:41
MERGED from [com.android.support:support-core-utils:26.0.0-alpha1] AndroidManifest.xml:25:5-27:41
MERGED from [com.android.support:animated-vector-drawable:26.0.0-alpha1] AndroidManifest.xml:22:5-24:41
MERGED from [com.android.support:support-vector-drawable:26.0.0-alpha1] AndroidManifest.xml:22:5-24:41
MERGED from [com.android.support:support-compat:26.0.0-alpha1] AndroidManifest.xml:25:5-27:41
	android:value
		ADDED from [com.android.support:appcompat-v7:26.0.0-alpha1] AndroidManifest.xml:27:9-38
	android:name
		ADDED from [com.android.support:appcompat-v7:26.0.0-alpha1] AndroidManifest.xml:26:9-47